acpi
alsa-utils
arandr
autorandr
base
bat
blueman
bluez
bluez-tools
bluez-utils
btrfs-progs
dhcpcd
dmenu
efibootmgr
exa
fakeroot
feh
firefox
fish
flameshot
fuzzel
gcc
git
go
gnome-screenshot
grub-btrfs
hyprland
hyprpanel
i3-scrot
i3-wm
i3lock-color
imagemagick
kitty
libldac
lightdm
lightdm-gtk-greeter
lightdm-slick-greeter
linux
linux-firmware
make
man-db
mesa
mlocate
neovim
networkmanager
node
nvm
openssh
pavucontrol
pipewire
pipewire-alsa
pipewire-pulse
polybar
python
python-pip
ripgrep
rofi
rxvt-unicode
sof-firmware
stow
sudo
swaylock-effects
tree
ts-node
ttf-dejavu
ttf-font-awesome
ttf-iosevka-nerd
typescript
unzip
vi
vim
waybar
wayland
xclip
xfce4-screenshooter
xorg-server
xorg-xinit
xterm
zsh
